Using pre-set license
Built from '2020.3/staging' branch; Version is '2020.3.10f1 (297d780c91bc) revision 2719096'; Using compiler version '192528614'; Build Type 'Release'
OS: 'Windows 10 Pro; OS build 19042.1052; Version 2009; 64bit' Language: 'tr' Physical Memory: 7926 MB
BatchMode: 1, IsHumanControllingUs: 0, StartBugReporterOnCrash: 0, Is64bit: 1, IsPro: 0

 COMMAND LINE ARGUMENTS:
C:\Program Files\Unity\Hub\Editor\2020.3.10f1\Editor\Unity.exe
-adb2
-batchMode
-noUpm
-name
AssetImportWorker2
-projectPath
C:/Users/rabia/Documents/GitHub/2048-Game-Clone/2048 Clone
-logFile
Logs/AssetImportWorker2.log
-srvPort
60863
Successfully changed project path to: C:/Users/rabia/Documents/GitHub/2048-Game-Clone/2048 Clone
C:/Users/rabia/Documents/GitHub/2048-Game-Clone/2048 Clone
Using Asset Import Pipeline V2.
Refreshing native plugins compatible for Editor in 1070.76 ms, found 3 plugins.
Preloading 0 native plugins for Editor in 0.00 ms.
Initialize engine version: 2020.3.10f1 (297d780c91bc)
[Subsystems] Discovering subsystems at path C:/Program Files/Unity/Hub/Editor/2020.3.10f1/Editor/Data/Resources/UnitySubsystems
[Subsystems] Discovering subsystems at path C:/Users/rabia/Documents/GitHub/2048-Game-Clone/2048 Clone/Assets
GfxDevice: creating device client; threaded=0
Direct3D:
    Version:  Direct3D 11.0 [level 11.1]
    Renderer: AMD Radeon (TM) 530 (ID=0x6900)
    Vendor:   
    VRAM:     2038 MB
    Driver:   27.20.15003.5017
Initialize mono
Mono path[0] = 'C:/Program Files/Unity/Hub/Editor/2020.3.10f1/Editor/Data/Managed'
Mono path[1] = 'C:/Program Files/Unity/Hub/Editor/2020.3.10f1/Editor/Data/MonoBleedingEdge/lib/mono/unityjit'
Mono config path = 'C:/Program Files/Unity/Hub/Editor/2020.3.10f1/Editor/Data/MonoBleedingEdge/etc'
Using monoOptions --debugger-agent=transport=dt_socket,embedding=1,server=y,suspend=n,address=127.0.0.1:56420
Begin MonoManager ReloadAssembly
Registering precompiled unity dll's ...
Register platform support module: C:/Program Files/Unity/Hub/Editor/2020.3.10f1/Editor/Data/PlaybackEngines/WindowsStandaloneSupport/UnityEditor.WindowsStandalone.Extensions.dll
Registered in 0.003724 seconds.
Native extension for WindowsStandalone target not found
Refreshing native plugins compatible for Editor in 86.38 ms, found 3 plugins.
Preloading 0 native plugins for Editor in 0.00 ms.
Mono: successfully reloaded assembly
- Completed reload, in  9.468 seconds
Platform modules already initialized, skipping
Registering precompiled user dll's ...
Registered in 0.013842 seconds.
Begin MonoManager ReloadAssembly
Native extension for WindowsStandalone target not found
Refreshing native plugins compatible for Editor in 58.59 ms, found 3 plugins.
Preloading 0 native plugins for Editor in 0.00 ms.
Mono: successfully reloaded assembly
- Completed reload, in  2.147 seconds
Platform modules already initialized, skipping
========================================================================
Worker process is ready to serve import requests
Launched and connected shader compiler UnityShaderCompiler.exe after 0.11 seconds
Refreshing native plugins compatible for Editor in 0.48 ms, found 3 plugins.
Preloading 0 native plugins for Editor in 0.00 ms.
Unloading 2080 Unused Serialized files (Serialized files now loaded: 0)
System memory in use before: 93.2 MB.
System memory in use after: 93.1 MB.

Unloading 33 unused Assets to reduce memory usage. Loaded Objects now: 2515.
Total: 6.250500 ms (FindLiveObjects: 0.496500 ms CreateObjectMapping: 1.096700 ms MarkObjects: 4.485800 ms  DeleteObjects: 0.169800 ms)

========================================================================
Received Import Request.
  path: Assets/Scripts/GameController.cs
  artifactKey: Guid(4fd119df5523fa148813a7a0810594bd) Importer(815301076,1909f56bfc062723c751e8b465ee728b)
Start importing Assets/Scripts/GameController.cs using Guid(4fd119df5523fa148813a7a0810594bd) Importer(815301076,1909f56bfc062723c751e8b465ee728b)  -> (artifact id: '35d8c4903ea7fb95f11a1e823fdd2d69') in 0.099241 seconds
  Import took 0.105626 seconds .

========================================================================
Received Prepare
Registering precompiled user dll's ...
Registered in 0.008931 seconds.
Begin MonoManager ReloadAssembly
Native extension for WindowsStandalone target not found
Refreshing native plugins compatible for Editor in 0.53 ms, found 3 plugins.
Preloading 0 native plugins for Editor in 0.00 ms.
Mono: successfully reloaded assembly
- Completed reload, in  1.651 seconds
Platform modules already initialized, skipping
Refreshing native plugins compatible for Editor in 0.52 ms, found 3 plugins.
Preloading 0 native plugins for Editor in 0.00 ms.
Unloading 2075 Unused Serialized files (Serialized files now loaded: 0)
System memory in use before: 93.1 MB.
System memory in use after: 93.1 MB.

Unloading 21 unused Assets to reduce memory usage. Loaded Objects now: 2519.
Total: 3.469400 ms (FindLiveObjects: 0.245900 ms CreateObjectMapping: 0.101200 ms MarkObjects: 2.997300 ms  DeleteObjects: 0.123500 ms)

========================================================================
Received Prepare
Registering precompiled user dll's ...
Registered in 0.018341 seconds.
Begin MonoManager ReloadAssembly
Native extension for WindowsStandalone target not found
Refreshing native plugins compatible for Editor in 0.76 ms, found 3 plugins.
Preloading 0 native plugins for Editor in 0.00 ms.
Mono: successfully reloaded assembly
- Completed reload, in  2.897 seconds
Platform modules already initialized, skipping
Refreshing native plugins compatible for Editor in 0.49 ms, found 3 plugins.
Preloading 0 native plugins for Editor in 0.00 ms.
Unloading 2075 Unused Serialized files (Serialized files now loaded: 0)
System memory in use before: 93.2 MB.
System memory in use after: 93.1 MB.

Unloading 21 unused Assets to reduce memory usage. Loaded Objects now: 2523.
Total: 3.398200 ms (FindLiveObjects: 0.472100 ms CreateObjectMapping: 0.207500 ms MarkObjects: 2.566800 ms  DeleteObjects: 0.149900 ms)

========================================================================
Received Prepare
Registering precompiled user dll's ...
Registered in 0.008338 seconds.
Begin MonoManager ReloadAssembly
Native extension for WindowsStandalone target not found
Refreshing native plugins compatible for Editor in 0.67 ms, found 3 plugins.
Preloading 0 native plugins for Editor in 0.00 ms.
Mono: successfully reloaded assembly
- Completed reload, in  2.000 seconds
Platform modules already initialized, skipping
Refreshing native plugins compatible for Editor in 0.59 ms, found 3 plugins.
Preloading 0 native plugins for Editor in 0.00 ms.
Unloading 2075 Unused Serialized files (Serialized files now loaded: 0)
System memory in use before: 93.2 MB.
System memory in use after: 93.2 MB.

Unloading 21 unused Assets to reduce memory usage. Loaded Objects now: 2527.
Total: 6.152500 ms (FindLiveObjects: 0.454500 ms CreateObjectMapping: 0.177000 ms MarkObjects: 5.246500 ms  DeleteObjects: 0.271800 ms)

========================================================================
Received Import Request.
  Time since last request: 718.998214 seconds.
  path: Assets/Scripts/Cell.cs
  artifactKey: Guid(30ed76bcf0f8eb1468463d88a0584c65) Importer(815301076,1909f56bfc062723c751e8b465ee728b)
Start importing Assets/Scripts/Cell.cs using Guid(30ed76bcf0f8eb1468463d88a0584c65) Importer(815301076,1909f56bfc062723c751e8b465ee728b)  -> (artifact id: '66865bf19193f66db9553f9e03c94a70') in 0.033940 seconds
  Import took 0.047377 seconds .

========================================================================
Received Prepare
Registering precompiled user dll's ...
Registered in 0.005173 seconds.
Begin MonoManager ReloadAssembly
Native extension for WindowsStandalone target not found
Refreshing native plugins compatible for Editor in 1.69 ms, found 3 plugins.
Preloading 0 native plugins for Editor in 0.00 ms.
Mono: successfully reloaded assembly
- Completed reload, in  5.216 seconds
Platform modules already initialized, skipping
Refreshing native plugins compatible for Editor in 0.59 ms, found 3 plugins.
Preloading 0 native plugins for Editor in 0.00 ms.
Unloading 2076 Unused Serialized files (Serialized files now loaded: 0)
System memory in use before: 93.2 MB.
System memory in use after: 93.2 MB.

Unloading 21 unused Assets to reduce memory usage. Loaded Objects now: 2532.
Total: 4.651600 ms (FindLiveObjects: 0.371300 ms CreateObjectMapping: 0.178300 ms MarkObjects: 3.885600 ms  DeleteObjects: 0.214100 ms)

========================================================================
Received Import Request.
  Time since last request: 86.196561 seconds.
  path: Assets/Scripts/Cell.cs
  artifactKey: Guid(30ed76bcf0f8eb1468463d88a0584c65) Importer(815301076,1909f56bfc062723c751e8b465ee728b)
Start importing Assets/Scripts/Cell.cs using Guid(30ed76bcf0f8eb1468463d88a0584c65) Importer(815301076,1909f56bfc062723c751e8b465ee728b)  -> (artifact id: 'f8fea3abbb3b41fc3a8029ba007ab4c0') in 0.235732 seconds
  Import took 0.463839 seconds .

========================================================================
Received Prepare
Registering precompiled user dll's ...
Registered in 0.010802 seconds.
Begin MonoManager ReloadAssembly
Native extension for WindowsStandalone target not found
Refreshing native plugins compatible for Editor in 0.59 ms, found 3 plugins.
Preloading 0 native plugins for Editor in 0.00 ms.
Mono: successfully reloaded assembly
- Completed reload, in  2.323 seconds
Platform modules already initialized, skipping
Refreshing native plugins compatible for Editor in 0.64 ms, found 3 plugins.
Preloading 0 native plugins for Editor in 0.00 ms.
Unloading 2076 Unused Serialized files (Serialized files now loaded: 0)
System memory in use before: 93.2 MB.
System memory in use after: 93.2 MB.

Unloading 21 unused Assets to reduce memory usage. Loaded Objects now: 2536.
Total: 3.705600 ms (FindLiveObjects: 0.274000 ms CreateObjectMapping: 0.102400 ms MarkObjects: 3.163200 ms  DeleteObjects: 0.161700 ms)

========================================================================
Received Import Request.
  Time since last request: 25.591145 seconds.
  path: Assets/Scripts/Ceil.cs
  artifactKey: Guid(30ed76bcf0f8eb1468463d88a0584c65) Importer(815301076,1909f56bfc062723c751e8b465ee728b)
Start importing Assets/Scripts/Ceil.cs using Guid(30ed76bcf0f8eb1468463d88a0584c65) Importer(815301076,1909f56bfc062723c751e8b465ee728b)  -> (artifact id: 'be9f499e38300f4a17f614542c62685a') in 0.022402 seconds
  Import took 0.029886 seconds .

========================================================================
Received Prepare
Registering precompiled user dll's ...
Registered in 0.005644 seconds.
Begin MonoManager ReloadAssembly
Native extension for WindowsStandalone target not found
Refreshing native plugins compatible for Editor in 0.57 ms, found 3 plugins.
Preloading 0 native plugins for Editor in 0.00 ms.
Mono: successfully reloaded assembly
- Completed reload, in  4.648 seconds
Platform modules already initialized, skipping
Refreshing native plugins compatible for Editor in 0.56 ms, found 3 plugins.
Preloading 0 native plugins for Editor in 0.00 ms.
Unloading 2076 Unused Serialized files (Serialized files now loaded: 0)
System memory in use before: 93.3 MB.
System memory in use after: 93.2 MB.

Unloading 21 unused Assets to reduce memory usage. Loaded Objects now: 2540.
Total: 3.337500 ms (FindLiveObjects: 0.281400 ms CreateObjectMapping: 0.080300 ms MarkObjects: 2.830500 ms  DeleteObjects: 0.143800 ms)

========================================================================
Received Import Request.
  Time since last request: 46.567548 seconds.
  path: Assets/Scripts/Ceil.cs
  artifactKey: Guid(30ed76bcf0f8eb1468463d88a0584c65) Importer(815301076,1909f56bfc062723c751e8b465ee728b)
Start importing Assets/Scripts/Ceil.cs using Guid(30ed76bcf0f8eb1468463d88a0584c65) Importer(815301076,1909f56bfc062723c751e8b465ee728b)  -> (artifact id: '182b85eb3f13b06138971f7060a1eb0c') in 0.011770 seconds
  Import took 0.019806 seconds .

========================================================================
Received Prepare
Registering precompiled user dll's ...
Registered in 0.006059 seconds.
Begin MonoManager ReloadAssembly
Native extension for WindowsStandalone target not found
Refreshing native plugins compatible for Editor in 0.72 ms, found 3 plugins.
Preloading 0 native plugins for Editor in 0.00 ms.
Mono: successfully reloaded assembly
- Completed reload, in  1.757 seconds
Platform modules already initialized, skipping
Refreshing native plugins compatible for Editor in 0.98 ms, found 3 plugins.
Preloading 0 native plugins for Editor in 0.00 ms.
Unloading 2076 Unused Serialized files (Serialized files now loaded: 0)
System memory in use before: 93.3 MB.
System memory in use after: 93.2 MB.

Unloading 21 unused Assets to reduce memory usage. Loaded Objects now: 2544.
Total: 4.910700 ms (FindLiveObjects: 0.356300 ms CreateObjectMapping: 0.145500 ms MarkObjects: 4.194000 ms  DeleteObjects: 0.212800 ms)

========================================================================
Received Import Request.
  Time since last request: 654.480372 seconds.
  path: Assets/Scripts/Fill.cs
  artifactKey: Guid(e5761f1cc581a09498bca9af445a3e65) Importer(815301076,1909f56bfc062723c751e8b465ee728b)
Start importing Assets/Scripts/Fill.cs using Guid(e5761f1cc581a09498bca9af445a3e65) Importer(815301076,1909f56bfc062723c751e8b465ee728b)  -> (artifact id: 'a5aa6eb0a2fcb735595f90d2cd59c2fd') in 0.081313 seconds
  Import took 0.145738 seconds .

========================================================================
Received Prepare
Registering precompiled user dll's ...
Registered in 0.009603 seconds.
Begin MonoManager ReloadAssembly
Native extension for WindowsStandalone target not found
Refreshing native plugins compatible for Editor in 1.45 ms, found 3 plugins.
Preloading 0 native plugins for Editor in 0.00 ms.
Mono: successfully reloaded assembly
- Completed reload, in  5.067 seconds
Platform modules already initialized, skipping
Refreshing native plugins compatible for Editor in 0.51 ms, found 3 plugins.
Preloading 0 native plugins for Editor in 0.00 ms.
Unloading 2077 Unused Serialized files (Serialized files now loaded: 0)
System memory in use before: 93.3 MB.
System memory in use after: 93.3 MB.

Unloading 21 unused Assets to reduce memory usage. Loaded Objects now: 2549.
Total: 5.370600 ms (FindLiveObjects: 0.829800 ms CreateObjectMapping: 0.217200 ms MarkObjects: 4.139500 ms  DeleteObjects: 0.180700 ms)

========================================================================
Received Prepare
Registering precompiled user dll's ...
Registered in 0.005146 seconds.
Begin MonoManager ReloadAssembly
Native extension for WindowsStandalone target not found
Refreshing native plugins compatible for Editor in 1.36 ms, found 3 plugins.
Preloading 0 native plugins for Editor in 0.00 ms.
Mono: successfully reloaded assembly
- Completed reload, in  1.658 seconds
Platform modules already initialized, skipping
Refreshing native plugins compatible for Editor in 0.49 ms, found 3 plugins.
Preloading 0 native plugins for Editor in 0.00 ms.
Unloading 2077 Unused Serialized files (Serialized files now loaded: 0)
System memory in use before: 93.3 MB.
System memory in use after: 93.3 MB.

Unloading 21 unused Assets to reduce memory usage. Loaded Objects now: 2553.
Total: 3.413900 ms (FindLiveObjects: 0.263200 ms CreateObjectMapping: 0.167300 ms MarkObjects: 2.709900 ms  DeleteObjects: 0.272400 ms)

========================================================================
Received Import Request.
  Time since last request: 99.547947 seconds.
  path: Assets/Scripts/Fill.cs
  artifactKey: Guid(e5761f1cc581a09498bca9af445a3e65) Importer(815301076,1909f56bfc062723c751e8b465ee728b)
Start importing Assets/Scripts/Fill.cs using Guid(e5761f1cc581a09498bca9af445a3e65) Importer(815301076,1909f56bfc062723c751e8b465ee728b)  -> (artifact id: '2ae427008468514345d0bea229e8cb96') in 0.010728 seconds
  Import took 0.019106 seconds .

========================================================================
Received Import Request.
  Time since last request: 85.670701 seconds.
  path: Assets/Scripts/GameController.cs
  artifactKey: Guid(4fd119df5523fa148813a7a0810594bd) Importer(815301076,1909f56bfc062723c751e8b465ee728b)
Start importing Assets/Scripts/GameController.cs using Guid(4fd119df5523fa148813a7a0810594bd) Importer(815301076,1909f56bfc062723c751e8b465ee728b)  -> (artifact id: 'ebdee5286eca186ae626064212c1a474') in 0.007985 seconds
  Import took 0.017028 seconds .

========================================================================
Received Import Request.
  Time since last request: 0.001694 seconds.
  path: Assets/Scripts/GameController.cs
  artifactKey: Guid(4fd119df5523fa148813a7a0810594bd) Importer(815301076,1909f56bfc062723c751e8b465ee728b)
Start importing Assets/Scripts/GameController.cs using Guid(4fd119df5523fa148813a7a0810594bd) Importer(815301076,1909f56bfc062723c751e8b465ee728b)  -> (artifact id: 'ebdee5286eca186ae626064212c1a474') in 0.008322 seconds
  Import took 0.015338 seconds .

========================================================================
Received Import Request.
  Time since last request: 60.272612 seconds.
  path: Assets/Scripts/GameController.cs
  artifactKey: Guid(4fd119df5523fa148813a7a0810594bd) Importer(815301076,1909f56bfc062723c751e8b465ee728b)
Start importing Assets/Scripts/GameController.cs using Guid(4fd119df5523fa148813a7a0810594bd) Importer(815301076,1909f56bfc062723c751e8b465ee728b)  -> (artifact id: '1fbff961f222783105e9c99a3d0ee8d3') in 0.018847 seconds
  Import took 0.025931 seconds .

========================================================================
Received Import Request.
  Time since last request: 0.011978 seconds.
  path: Assets/Scripts/GameController.cs
  artifactKey: Guid(4fd119df5523fa148813a7a0810594bd) Importer(815301076,1909f56bfc062723c751e8b465ee728b)
Start importing Assets/Scripts/GameController.cs using Guid(4fd119df5523fa148813a7a0810594bd) Importer(815301076,1909f56bfc062723c751e8b465ee728b)  -> (artifact id: '1fbff961f222783105e9c99a3d0ee8d3') in 0.015073 seconds
  Import took 0.021739 seconds .

========================================================================
Received Prepare
Registering precompiled user dll's ...
Registered in 0.011211 seconds.
Begin MonoManager ReloadAssembly
Native extension for WindowsStandalone target not found
Refreshing native plugins compatible for Editor in 0.59 ms, found 3 plugins.
Preloading 0 native plugins for Editor in 0.00 ms.
Mono: successfully reloaded assembly
- Completed reload, in  2.258 seconds
Platform modules already initialized, skipping
Refreshing native plugins compatible for Editor in 0.60 ms, found 3 plugins.
Preloading 0 native plugins for Editor in 0.00 ms.
Unloading 2077 Unused Serialized files (Serialized files now loaded: 0)
System memory in use before: 93.3 MB.
System memory in use after: 93.3 MB.

Unloading 21 unused Assets to reduce memory usage. Loaded Objects now: 2557.
Total: 5.517200 ms (FindLiveObjects: 0.711900 ms CreateObjectMapping: 1.851300 ms MarkObjects: 2.702200 ms  DeleteObjects: 0.250000 ms)

========================================================================
Received Prepare
Registering precompiled user dll's ...
Registered in 0.005933 seconds.
Begin MonoManager ReloadAssembly
Native extension for WindowsStandalone target not found
Refreshing native plugins compatible for Editor in 0.57 ms, found 3 plugins.
Preloading 0 native plugins for Editor in 0.00 ms.
Mono: successfully reloaded assembly
- Completed reload, in  5.273 seconds
Platform modules already initialized, skipping
Refreshing native plugins compatible for Editor in 0.60 ms, found 3 plugins.
Preloading 0 native plugins for Editor in 0.00 ms.
Unloading 2077 Unused Serialized files (Serialized files now loaded: 0)
System memory in use before: 93.3 MB.
System memory in use after: 93.3 MB.

Unloading 21 unused Assets to reduce memory usage. Loaded Objects now: 2561.
Total: 11.564300 ms (FindLiveObjects: 0.383600 ms CreateObjectMapping: 0.184800 ms MarkObjects: 10.684200 ms  DeleteObjects: 0.310000 ms)

========================================================================
Received Prepare
Registering precompiled user dll's ...
Registered in 0.015269 seconds.
Begin MonoManager ReloadAssembly
Native extension for WindowsStandalone target not found
Refreshing native plugins compatible for Editor in 4.92 ms, found 3 plugins.
Preloading 0 native plugins for Editor in 0.00 ms.
Mono: successfully reloaded assembly
- Completed reload, in  3.249 seconds
Platform modules already initialized, skipping
Refreshing native plugins compatible for Editor in 5.50 ms, found 3 plugins.
Preloading 0 native plugins for Editor in 0.00 ms.
Unloading 2077 Unused Serialized files (Serialized files now loaded: 0)
System memory in use before: 93.3 MB.
System memory in use after: 93.3 MB.

Unloading 21 unused Assets to reduce memory usage. Loaded Objects now: 2565.
Total: 8.112300 ms (FindLiveObjects: 0.652300 ms CreateObjectMapping: 0.215700 ms MarkObjects: 7.016300 ms  DeleteObjects: 0.224900 ms)

========================================================================
Received Prepare
Registering precompiled user dll's ...
Registered in 0.012574 seconds.
Begin MonoManager ReloadAssembly
Native extension for WindowsStandalone target not found
Refreshing native plugins compatible for Editor in 0.89 ms, found 3 plugins.
Preloading 0 native plugins for Editor in 0.00 ms.
Mono: successfully reloaded assembly
- Completed reload, in  2.186 seconds
Platform modules already initialized, skipping
Refreshing native plugins compatible for Editor in 0.49 ms, found 3 plugins.
Preloading 0 native plugins for Editor in 0.00 ms.
Unloading 2077 Unused Serialized files (Serialized files now loaded: 0)
System memory in use before: 93.3 MB.
System memory in use after: 93.3 MB.

Unloading 21 unused Assets to reduce memory usage. Loaded Objects now: 2569.
Total: 3.849500 ms (FindLiveObjects: 0.248800 ms CreateObjectMapping: 0.115600 ms MarkObjects: 3.182700 ms  DeleteObjects: 0.300600 ms)

========================================================================
Received Prepare
Registering precompiled user dll's ...
Registered in 0.008761 seconds.
Begin MonoManager ReloadAssembly
Native extension for WindowsStandalone target not found
Refreshing native plugins compatible for Editor in 1.04 ms, found 3 plugins.
Preloading 0 native plugins for Editor in 0.00 ms.
Mono: successfully reloaded assembly
- Completed reload, in  1.805 seconds
Platform modules already initialized, skipping
Refreshing native plugins compatible for Editor in 0.61 ms, found 3 plugins.
Preloading 0 native plugins for Editor in 0.00 ms.
Unloading 2077 Unused Serialized files (Serialized files now loaded: 0)
System memory in use before: 93.4 MB.
System memory in use after: 93.3 MB.

Unloading 21 unused Assets to reduce memory usage. Loaded Objects now: 2573.
Total: 3.534400 ms (FindLiveObjects: 0.223800 ms CreateObjectMapping: 0.108900 ms MarkObjects: 3.038100 ms  DeleteObjects: 0.162000 ms)

========================================================================
Received Prepare
Registering precompiled user dll's ...
Registered in 0.005155 seconds.
Begin MonoManager ReloadAssembly
Native extension for WindowsStandalone target not found
Refreshing native plugins compatible for Editor in 0.49 ms, found 3 plugins.
Preloading 0 native plugins for Editor in 0.00 ms.
Mono: successfully reloaded assembly
- Completed reload, in  1.501 seconds
Platform modules already initialized, skipping
Refreshing native plugins compatible for Editor in 0.49 ms, found 3 plugins.
Preloading 0 native plugins for Editor in 0.00 ms.
Unloading 2077 Unused Serialized files (Serialized files now loaded: 0)
System memory in use before: 93.4 MB.
System memory in use after: 93.3 MB.

Unloading 21 unused Assets to reduce memory usage. Loaded Objects now: 2577.
Total: 3.075600 ms (FindLiveObjects: 0.233000 ms CreateObjectMapping: 0.090100 ms MarkObjects: 2.627200 ms  DeleteObjects: 0.123800 ms)

========================================================================
Received Import Request.
  Time since last request: 944.868989 seconds.
  path: Assets/Prefabs/Ceil.prefab
  artifactKey: Guid(86482b6cb7cb6b244b944ffbe5cf370d) Importer(815301076,1909f56bfc062723c751e8b465ee728b)
Start importing Assets/Prefabs/Ceil.prefab using Guid(86482b6cb7cb6b244b944ffbe5cf370d) Importer(815301076,1909f56bfc062723c751e8b465ee728b)  -> (artifact id: '06b5e7099ee27f46e1204f09219098c3') in 0.060765 seconds
  Import took 0.066820 seconds .

========================================================================
Received Import Request.
  Time since last request: 0.058449 seconds.
  path: Assets/Prefabs/Ceil.prefab
  artifactKey: Guid(86482b6cb7cb6b244b944ffbe5cf370d) Importer(815301076,1909f56bfc062723c751e8b465ee728b)
Start importing Assets/Prefabs/Ceil.prefab using Guid(86482b6cb7cb6b244b944ffbe5cf370d) Importer(815301076,1909f56bfc062723c751e8b465ee728b)  -> (artifact id: '06b5e7099ee27f46e1204f09219098c3') in 0.007832 seconds
  Import took 0.013298 seconds .

========================================================================
Received Prepare
Registering precompiled user dll's ...
Registered in 0.007856 seconds.
Begin MonoManager ReloadAssembly
Native extension for WindowsStandalone target not found
Refreshing native plugins compatible for Editor in 0.50 ms, found 3 plugins.
Preloading 0 native plugins for Editor in 0.00 ms.
Mono: successfully reloaded assembly
- Completed reload, in  1.508 seconds
Platform modules already initialized, skipping
Refreshing native plugins compatible for Editor in 0.72 ms, found 3 plugins.
Preloading 0 native plugins for Editor in 0.00 ms.
Unloading 2077 Unused Serialized files (Serialized files now loaded: 0)
System memory in use before: 93.4 MB.
System memory in use after: 93.4 MB.

Unloading 21 unused Assets to reduce memory usage. Loaded Objects now: 2581.
Total: 4.156700 ms (FindLiveObjects: 0.350000 ms CreateObjectMapping: 0.143900 ms MarkObjects: 3.492700 ms  DeleteObjects: 0.168700 ms)

========================================================================
Received Prepare
Registering precompiled user dll's ...
Registered in 0.011411 seconds.
Begin MonoManager ReloadAssembly
Native extension for WindowsStandalone target not found
Refreshing native plugins compatible for Editor in 0.78 ms, found 3 plugins.
Preloading 0 native plugins for Editor in 0.00 ms.
Mono: successfully reloaded assembly
- Completed reload, in  2.916 seconds
Platform modules already initialized, skipping
Refreshing native plugins compatible for Editor in 1.00 ms, found 3 plugins.
Preloading 0 native plugins for Editor in 0.00 ms.
Unloading 2077 Unused Serialized files (Serialized files now loaded: 0)
System memory in use before: 93.4 MB.
System memory in use after: 93.4 MB.

Unloading 21 unused Assets to reduce memory usage. Loaded Objects now: 2585.
Total: 3.852100 ms (FindLiveObjects: 0.326200 ms CreateObjectMapping: 0.130500 ms MarkObjects: 3.193600 ms  DeleteObjects: 0.199600 ms)

========================================================================
Received Prepare
Registering precompiled user dll's ...
Registered in 0.035397 seconds.
Begin MonoManager ReloadAssembly
Native extension for WindowsStandalone target not found
Refreshing native plugins compatible for Editor in 0.56 ms, found 3 plugins.
Preloading 0 native plugins for Editor in 0.00 ms.
Mono: successfully reloaded assembly
- Completed reload, in  1.680 seconds
Platform modules already initialized, skipping
Refreshing native plugins compatible for Editor in 0.59 ms, found 3 plugins.
Preloading 0 native plugins for Editor in 0.00 ms.
Unloading 2077 Unused Serialized files (Serialized files now loaded: 0)
System memory in use before: 93.4 MB.
System memory in use after: 93.4 MB.

Unloading 21 unused Assets to reduce memory usage. Loaded Objects now: 2589.
Total: 3.382200 ms (FindLiveObjects: 0.268800 ms CreateObjectMapping: 0.128200 ms MarkObjects: 2.654000 ms  DeleteObjects: 0.329700 ms)

========================================================================
Received Prepare
Registering precompiled user dll's ...
Registered in 0.010883 seconds.
Begin MonoManager ReloadAssembly
Native extension for WindowsStandalone target not found
Refreshing native plugins compatible for Editor in 0.61 ms, found 3 plugins.
Preloading 0 native plugins for Editor in 0.00 ms.
Mono: successfully reloaded assembly
- Completed reload, in  4.177 seconds
Platform modules already initialized, skipping
Refreshing native plugins compatible for Editor in 1.60 ms, found 3 plugins.
Preloading 0 native plugins for Editor in 0.00 ms.
Unloading 2077 Unused Serialized files (Serialized files now loaded: 0)
System memory in use before: 93.4 MB.
System memory in use after: 93.4 MB.

Unloading 21 unused Assets to reduce memory usage. Loaded Objects now: 2593.
Total: 5.798700 ms (FindLiveObjects: 0.702200 ms CreateObjectMapping: 0.220400 ms MarkObjects: 4.620400 ms  DeleteObjects: 0.253700 ms)

========================================================================
Received Prepare
Registering precompiled user dll's ...
Registered in 0.007121 seconds.
Begin MonoManager ReloadAssembly
Native extension for WindowsStandalone target not found
Refreshing native plugins compatible for Editor in 0.50 ms, found 3 plugins.
Preloading 0 native plugins for Editor in 0.00 ms.
Mono: successfully reloaded assembly
- Completed reload, in  1.858 seconds
Platform modules already initialized, skipping
Refreshing native plugins compatible for Editor in 0.61 ms, found 3 plugins.
Preloading 0 native plugins for Editor in 0.00 ms.
Unloading 2077 Unused Serialized files (Serialized files now loaded: 0)
System memory in use before: 93.4 MB.
System memory in use after: 93.4 MB.

Unloading 21 unused Assets to reduce memory usage. Loaded Objects now: 2597.
Total: 2.968300 ms (FindLiveObjects: 0.235100 ms CreateObjectMapping: 0.102300 ms MarkObjects: 2.472600 ms  DeleteObjects: 0.156800 ms)

========================================================================
Received Prepare
Registering precompiled user dll's ...
Registered in 0.012743 seconds.
Begin MonoManager ReloadAssembly
Native extension for WindowsStandalone target not found
Refreshing native plugins compatible for Editor in 0.62 ms, found 3 plugins.
Preloading 0 native plugins for Editor in 0.00 ms.
Mono: successfully reloaded assembly
- Completed reload, in  2.935 seconds
Platform modules already initialized, skipping
Refreshing native plugins compatible for Editor in 0.93 ms, found 3 plugins.
Preloading 0 native plugins for Editor in 0.00 ms.
Unloading 2077 Unused Serialized files (Serialized files now loaded: 0)
System memory in use before: 93.4 MB.
System memory in use after: 93.4 MB.

Unloading 21 unused Assets to reduce memory usage. Loaded Objects now: 2601.
Total: 6.002400 ms (FindLiveObjects: 0.575600 ms CreateObjectMapping: 0.229900 ms MarkObjects: 5.027600 ms  DeleteObjects: 0.164600 ms)

AssetImportWorkerClient::OnTransportError - code=2 error=End of file
